<?xml version="1.0" encoding="UTF-8"?>
<testsuite name="com.realdolmen.course.persistence.BookRepositoryTest" time="0.208" tests="2" errors="0" skipped="0" failures="1">
  <properties>
[...]
</properties>
  <testcase name="allBooksCanBeRetrieved" classname="com.realdolmen.course.persistence.BookRepositoryTest" time="0.101">
    <failure message="expected:&lt;3&gt; but was:&lt;4&gt;" type="java.lang.AssertionError"><![CDATA[java.lang.AssertionError: expected:<3> but was:<4>
	at org.junit.Assert.fail(Assert.java:88)
	at org.junit.Assert.failNotEquals(Assert.java:834)
	at org.junit.Assert.assertEquals(Assert.java:645)
	at org.junit.Assert.assertEquals(Assert.java:631)
	at com.realdolmen.course.persistence.BookRepositoryTest.allBooksCanBeRetrieved(BookRepositoryTest.java:18)
]]></failure>
    <system-out><![CDATA[17:20:41.512 [main] WARN  com.realdolmen.course.persistence.DatabaseEngine - Missing system property -DdatabaseEngine. Using default (mysql).
17:20:41.513 [main] INFO  com.realdolmen.course.persistence.DatabaseEngine - Using database engine: mysql
17:20:41.513 [main] INFO  com.realdolmen.course.persistence.PersistenceTest - Recreating database schema 'realdolmen'
17:20:41.513 [main] WARN  com.realdolmen.course.persistence.DatabaseEngine - Missing system property -DdatabaseEngine. Using default (mysql).
17:20:41.513 [main] INFO  com.realdolmen.course.persistence.DatabaseEngine - Using database engine: mysql
17:20:41.519 [main] INFO  com.realdolmen.course.persistence.PersistenceTest - Creating EntityManagerFactory from persistence unit MyTestPersistenceUnit
17:20:41.519 [main] WARN  com.realdolmen.course.persistence.DatabaseEngine - Missing system property -DdatabaseEngine. Using default (mysql).
17:20:41.519 [main] INFO  com.realdolmen.course.persistence.DatabaseEngine - Using database engine: mysql
17:20:41.526 [main] INFO  org.hibernate.jpa.internal.util.LogHelper - HHH000204: Processing PersistenceUnitInfo [
	name: MyTestPersistenceUnit
	...]
17:20:41.530 [main] WARN  org.hibernate.orm.connections - HHH10001002: Using Hibernate built-in connection pool (not for production use!)
17:20:41.531 [main] INFO  org.hibernate.orm.connections - HHH10001005: using driver [com.mysql.jdbc.Driver] at URL [jdbc:mysql://localhost:3306/realdolmen]
17:20:41.531 [main] INFO  org.hibernate.orm.connections - HHH10001001: Connection properties: {user=root}
17:20:41.531 [main] INFO  org.hibernate.orm.connections - HHH10001003: Autocommit mode: false
17:20:41.531 [main] INFO  org.hibernate.engine.jdbc.connections.internal.DriverManagerConnectionProviderImpl - HHH000115: Hibernate connection pool size: 20 (min=1)
17:20:41.533 [main] INFO  org.hibernate.dialect.Dialect - HHH000400: Using dialect: org.hibernate.dialect.MySQL5InnoDBDialect
17:20:41.554 [main] INFO  org.hibernate.tool.hbm2ddl.SchemaExport - HHH000227: Running hbm2ddl schema export
17:20:41.555 [main] DEBUG org.hibernate.SQL - 
    alter table Album 
        drop 
        foreign key FKftnv9lu106yr4lgt39rbnmid4
Hibernate: 
    alter table Album 
        drop 
        foreign key FKftnv9lu106yr4lgt39rbnmid4
17:20:41.555 [main] ERROR org.hibernate.tool.hbm2ddl.SchemaExport - HHH000389: Unsuccessful: alter table Album drop foreign key FKftnv9lu106yr4lgt39rbnmid4
17:20:41.555 [main] ERROR org.hibernate.tool.hbm2ddl.SchemaExport - Table 'realdolmen.album' doesn't exist
17:20:41.555 [main] DEBUG org.hibernate.SQL - 
    drop table if exists Album
Hibernate: 
    drop table if exists Album
17:20:41.555 [main] DEBUG org.hibernate.SQL - 
    drop table if exists Book
Hibernate: 
    drop table if exists Book
17:20:41.556 [main] DEBUG org.hibernate.SQL - 
    drop table if exists User
Hibernate: 
    drop table if exists User
17:20:41.556 [main] DEBUG org.hibernate.SQL - 
    create table Album (
        id bigint not null auto_increment,
        composer varchar(255),
        genre varchar(255),
        songs integer,
        title varchar(100) not null,
        user_id bigint,
        primary key (id)
    ) ENGINE=InnoDB
Hibernate: 
    create table Album (
        id bigint not null auto_increment,
        composer varchar(255),
        genre varchar(255),
        songs integer,
        title varchar(100) not null,
        user_id bigint,
        primary key (id)
    ) ENGINE=InnoDB
17:20:41.564 [main] DEBUG org.hibernate.SQL - 
    create table Book (
        id integer not null auto_increment,
        author varchar(255),
        genre varchar(255),
        title varchar(255) not null,
        primary key (id)
    ) ENGINE=InnoDB
Hibernate: 
    create table Book (
        id integer not null auto_increment,
        author varchar(255),
        genre varchar(255),
        title varchar(255) not null,
        primary key (id)
    ) ENGINE=InnoDB
17:20:41.572 [main] DEBUG org.hibernate.SQL - 
    create table User (
        id bigint not null auto_increment,
        firstName varchar(50),
        lastName varchar(50) not null,
        primary key (id)
    ) ENGINE=InnoDB
Hibernate: 
    create table User (
        id bigint not null auto_increment,
        firstName varchar(50),
        lastName varchar(50) not null,
        primary key (id)
    ) ENGINE=InnoDB
17:20:41.580 [main] DEBUG org.hibernate.SQL - 
    alter table Album 
        add constraint FKftnv9lu106yr4lgt39rbnmid4 
        foreign key (user_id) 
        references User (id)
Hibernate: 
    alter table Album 
        add constraint FKftnv9lu106yr4lgt39rbnmid4 
        foreign key (user_id) 
        references User (id)
17:20:41.592 [main] INFO  org.hibernate.tool.hbm2ddl.SchemaExport - HHH000476: Executing import script '/import.sql'
17:20:41.596 [main] INFO  org.hibernate.tool.hbm2ddl.SchemaExport - HHH000230: Schema export complete
17:20:41.598 [main] INFO  org.hibernate.hql.internal.QueryTranslatorFactoryInitiator - HHH000397: Using ASTQueryTranslatorFactory
17:20:41.600 [main] INFO  com.realdolmen.course.persistence.PersistenceTest - Creating transacted EntityManager
17:20:41.600 [main] INFO  com.realdolmen.course.persistence.DataSetPersistenceTest - Loading datasets
17:20:41.600 [main] WARN  com.realdolmen.course.persistence.DatabaseEngine - Missing system property -DdatabaseEngine. Using default (mysql).
17:20:41.600 [main] INFO  com.realdolmen.course.persistence.DatabaseEngine - Using database engine: mysql
17:20:41.602 [main] WARN  com.realdolmen.course.persistence.DatabaseEngine - Missing system property -DdatabaseEngine. Using default (mysql).
17:20:41.602 [main] INFO  com.realdolmen.course.persistence.DatabaseEngine - Using database engine: mysql
17:20:41.609 [main] DEBUG org.hibernate.SQL - 
    select
        book0_.id as id1_1_,
        book0_.author as author2_1_,
        book0_.genre as genre3_1_,
        book0_.title as title4_1_ 
    from
        Book book0_
Hibernate: 
    select
        book0_.id as id1_1_,
        book0_.author as author2_1_,
        book0_.genre as genre3_1_,
        book0_.title as title4_1_ 
    from
        Book book0_
17:20:41.610 [main] INFO  com.realdolmen.course.persistence.PersistenceTest - Committing and closing transacted EntityManager
17:20:41.611 [main] INFO  com.realdolmen.course.persistence.PersistenceTest - Closing EntityManagerFactory
17:20:41.611 [main] INFO  org.hibernate.orm.connections - HHH10001008: Cleaning up connection pool [jdbc:mysql://localhost:3306/realdolmen]
]]></system-out>
  </testcase>
  <testcase name="bookCanBeRemovedById" classname="com.realdolmen.course.persistence.BookRepositoryTest" time="0.107"/>
</testsuite>